#
# There is insufficient memory for the Java Runtime Environment to continue.
# Native memory allocation (malloc) failed to allocate 1048576 bytes for AllocateHeap
# Possible reasons:
#   The system is out of physical RAM or swap space
#   The process is running with CompressedOops enabled, and the Java Heap may be blocking the growth of the native heap
# Possible solutions:
#   Reduce memory load on the system
#   Increase physical memory or swap space
#   Check if swap backing store is full
#   Decrease Java heap size (-Xmx/-Xms)
#   Decrease number of Java threads
#   Decrease Java thread stack sizes (-Xss)
#   Set larger code cache with -XX:ReservedCodeCacheSize=
#   JVM is running with Unscaled Compressed Oops mode in which the Java heap is
#     placed in the first 4GB address space. The Java Heap base address is the
#     maximum limit for the native heap growth. Please use -XX:HeapBaseMinAddress
#     to set the Java Heap base and to place the Java Heap above 4GB virtual address.
# This output file may be truncated or incomplete.
#
#  Out of Memory Error (memory/allocation.inline.hpp:61), pid=19696, tid=0x0000000000001fac
#
# JRE version:  (8.0_201-b09) (build )
# Java VM: Java HotSpot(TM) 64-Bit Server VM (25.201-b09 mixed mode windows-amd64 compressed oops)
# Failed to write core dump. Minidumps are not enabled by default on client versions of Windows
#

---------------  T H R E A D  ---------------

Current thread (0x00000000013de800):  JavaThread "Unknown thread" [_thread_in_vm, id=8108, stack(0x0000000003130000,0x0000000003230000)]

Stack: [0x0000000003130000,0x0000000003230000]
[error occurred during error reporting (printing stack bounds), id 0xc0000005]

Native frames: (J=compiled Java code, j=interpreted, Vv=VM code, C=native code)


---------------  P R O C E S S  ---------------

Java Threads: ( => current thread )

Other Threads:

=>0x00000000013de800 (exited) JavaThread "Unknown thread" [_thread_in_vm, id=8108, stack(0x0000000003130000,0x0000000003230000)]

VM state:not at safepoint (normal execution)

VM Mutex/Monitor currently owned by a thread: None

heap address: 0x0000000081600000, size: 2026 MB, Compressed Oops mode: 32-bit
Narrow klass base: 0x0000000000000000, Narrow klass shift: 3
Compressed class space size: 1073741824 Address: 0x0000000100000000

Heap:
 PSYoungGen      total 38400K, used 665K [0x00000000d5d00000, 0x00000000d8780000, 0x0000000100000000)
  eden space 33280K, 2% used [0x00000000d5d00000,0x00000000d5da6670,0x00000000d7d80000)
  from space 5120K, 0% used [0x00000000d8280000,0x00000000d8280000,0x00000000d8780000)
  to   space 5120K, 0% used [0x00000000d7d80000,0x00000000d7d80000,0x00000000d8280000)
 ParOldGen       total 87552K, used 0K [0x0000000081600000, 0x0000000086b80000, 0x00000000d5d00000)
  object space 87552K, 0% used [0x0000000081600000,0x0000000081600000,0x0000000086b80000)
 Metaspace       used 753K, capacity 1092K, committed 1152K, reserved 1060864K
  class space    used 76K, capacity 384K, committed 384K, reserved 1048576K

Card table byte_map: [0x00000000127b0000,0x0000000012bb0000] byte_map_base: 0x00000000123a5000

Marking Bits: (ParMarkBitMap*) 0x000000006d334ce0
 Begin Bits: [0x0000000013260000, 0x0000000015208000)
 End Bits:   [0x0000000015208000, 0x00000000171b0000)

Polling page: 0x0000000003230000

CodeCache: size=245760Kb used=328Kb max_used=328Kb free=245431Kb
 bounds [0x00000000033f0000, 0x0000000003660000, 0x00000000123f0000]
 total_blobs=58 nmethods=0 adapters=38
 compilation: enabled

Compilation events (0 events):
No events

GC Heap History (0 events):
No events

Deoptimization events (0 events):
No events

Classes redefined (0 events):
No events

Internal exceptions (0 events):
No events

Events (10 events):
Event: 0.120 loading class java/lang/Short
Event: 0.121 loading class java/lang/Short done
Event: 0.121 loading class java/lang/Integer
Event: 0.121 loading class java/lang/Integer done
Event: 0.121 loading class java/lang/Long
Event: 0.122 loading class java/lang/Long done
Event: 0.123 loading class java/lang/NullPointerException
Event: 0.123 loading class java/lang/NullPointerException done
Event: 0.123 loading class java/lang/ArithmeticException
Event: 0.123 loading class java/lang/ArithmeticException done


Dynamic libraries:
0x00007ff7766b0000 - 0x00007ff7766e7000 	C:\Program Files\Java\jre1.8.0_201\bin\javaw.exe
0x00007ffe66230000 - 0x00007ffe66411000 	C:\WINDOWS\SYSTEM32\ntdll.dll
0x00007ffe65e00000 - 0x00007ffe65eb2000 	C:\WINDOWS\System32\KERNEL32.DLL
0x00007ffe63220000 - 0x00007ffe63493000 	C:\WINDOWS\System32\KERNELBASE.dll
0x00007ffe63880000 - 0x00007ffe63921000 	C:\WINDOWS\System32\ADVAPI32.dll
0x00007ffe66070000 - 0x00007ffe6610e000 	C:\WINDOWS\System32\msvcrt.dll
0x00007ffe65ad0000 - 0x00007ffe65b2b000 	C:\WINDOWS\System32\sechost.dll
0x00007ffe65ec0000 - 0x00007ffe65fe4000 	C:\WINDOWS\System32\RPCRT4.dll
0x00007ffe65b30000 - 0x00007ffe65cc0000 	C:\WINDOWS\System32\USER32.dll
0x00007ffe62700000 - 0x00007ffe62720000 	C:\WINDOWS\System32\win32u.dll
0x00007ffe65910000 - 0x00007ffe65938000 	C:\WINDOWS\System32\GDI32.dll
0x00007ffe63520000 - 0x00007ffe636b2000 	C:\WINDOWS\System32\gdi32full.dll
0x00007ffe63080000 - 0x00007ffe6311f000 	C:\WINDOWS\System32\msvcp_win.dll
0x00007ffe63120000 - 0x00007ffe6321a000 	C:\WINDOWS\System32\ucrtbase.dll
0x00007ffe574d0000 - 0x00007ffe57739000 	C:\WINDOWS\WinSxS\amd64_microsoft.windows.common-controls_6595b64144ccf1df_6.0.17134.590_none_fb3d9bff3069e088\COMCTL32.dll
0x00007ffe63960000 - 0x00007ffe63c82000 	C:\WINDOWS\System32\combase.dll
0x00007ffe634a0000 - 0x00007ffe6351a000 	C:\WINDOWS\System32\bcryptPrimitives.dll
0x00007ffe63930000 - 0x00007ffe6395d000 	C:\WINDOWS\System32\IMM32.DLL
0x000000006ca30000 - 0x000000006cb01000 	C:\Program Files\Java\jre1.8.0_201\bin\msvcr100.dll
0x000000006cb10000 - 0x000000006d3b4000 	C:\Program Files\Java\jre1.8.0_201\bin\server\jvm.dll
0x00007ffe63c90000 - 0x00007ffe63c98000 	C:\WINDOWS\System32\PSAPI.DLL
0x00007ffe54610000 - 0x00007ffe54619000 	C:\WINDOWS\SYSTEM32\WSOCK32.dll
0x00007ffe66000000 - 0x00007ffe6606c000 	C:\WINDOWS\System32\WS2_32.dll
0x00007ffe5e3c0000 - 0x00007ffe5e3e3000 	C:\WINDOWS\SYSTEM32\WINMM.dll
0x00007ffe559f0000 - 0x00007ffe559fa000 	C:\WINDOWS\SYSTEM32\VERSION.dll
0x00007ffe5e390000 - 0x00007ffe5e3ba000 	C:\WINDOWS\SYSTEM32\winmmbase.dll
0x00007ffe62600000 - 0x00007ffe62649000 	C:\WINDOWS\System32\cfgmgr32.dll
0x00007ffe5d260000 - 0x00007ffe5d26f000 	C:\Program Files\Java\jre1.8.0_201\bin\verify.dll
0x00007ffe5d200000 - 0x00007ffe5d229000 	C:\Program Files\Java\jre1.8.0_201\bin\java.dll
0x00007ffe5d1d0000 - 0x00007ffe5d1e6000 	C:\Program Files\Java\jre1.8.0_201\bin\zip.dll

VM Arguments:
jvm_args: -ea -Dfile.encoding=Cp1252 
java_command: org.testng.remote.RemoteTestNG -serport 52934 -protocol json -d C:\Users\Amar\workspace\Vendor_Portal_QA\test-output C:\Users\Amar\AppData\Local\Temp\testng-eclipse-369973009\testng-customsuite.xml
java_class_path (initial): C:\Users\Amar\Downloads\eclipse-java-luna-SR2-win32-x86_64\eclipse\configuration\org.eclipse.osgi\434\0\.cp\lib\testng-remote.jar;C:\Users\Amar\workspace\Vendor_Portal_QA\target\test-classes;C:\Users\Amar\workspace\Vendor_Portal_QA\target\classes;C:\Users\Amar\.m2\repository\junit\junit\4.11\junit-4.11.jar;C:\Users\Amar\.m2\repository\org\hamcrest\hamcrest-core\1.3\hamcrest-core-1.3.jar;C:\Users\Amar\.m2\repository\org\testng\testng\6.8\testng-6.8.jar;C:\Users\Amar\.m2\repository\org\beanshell\bsh\2.0b4\bsh-2.0b4.jar;C:\Users\Amar\.m2\repository\com\beust\jcommander\1.27\jcommander-1.27.jar;C:\Users\Amar\.m2\repository\org\yaml\snakeyaml\1.6\snakeyaml-1.6.jar;C:\Users\Amar\.m2\repository\org\seleniumhq\selenium\selenium-java\2.53.0\selenium-java-2.53.0.jar;C:\Users\Amar\.m2\repository\org\seleniumhq\selenium\selenium-chrome-driver\2.53.0\selenium-chrome-driver-2.53.0.jar;C:\Users\Amar\.m2\repository\org\seleniumhq\selenium\selenium-remote-driver\2.53.0\selenium-remote-driver-2.53.0.jar;C:\Users\Amar\.m2\repository\cglib\cglib-nodep\2.1_3\cglib-nodep-2.1_3.jar;C:\Users\Amar\.m2\repository\com\google\code\gson\gson\2.3.1\gson-2.3.1.jar;C:\Users\Amar\.m2\repository\org\seleniumhq\selenium\selenium-api\2.53.0\selenium-api-2.53.0.jar;C:\Users\Amar\.m2\repository\org\apache\httpcomponents\httpclient\4.5.1\httpclient-4.5.1.jar;C:\Users\Amar\.m2\repository\org\apache\httpcomponents\httpcore\4.4.3\httpcore-4.4.3.jar;C:\Users\Amar\.m2\repository\commons-logging\commons-logging\1.2\commons-logging-1.2.jar;C:\Users\Amar\.m2\repository\commons-codec\commons-codec\1.9\commons-codec-1.9.jar;C:\Users\Amar\.m2\repository\com\google\guava\guava\19.0\guava-19.0.jar;C:\Users\Amar\.m2\repository\org\seleniumhq\selenium\selenium-edge-driver\2.53.0\selenium-edge-driver-2.53.0.jar;C:\Users\Amar\.m2\repository\commons-io\commons-io\2.4\commons-io-2.4.jar;C:\Users\Amar\.m2\repository\org\apache\commons\commons-exec\1.3\commons-exec-1.3.jar;C:\Users\Amar\.m2\repos
Launcher Type: SUN_STANDARD

Environment Variables:
JAVA_HOME=C:\Program Files\Java\jdk1.8.0_131
PATH=C:/Program Files/Java/jre1.8.0_201/bin/server;C:/Program Files/Java/jre1.8.0_201/bin;C:/Program Files/Java/jre1.8.0_201/lib/amd64;C:\Program Files (x86)\Common Files\Oracle\Java\javapath;D:\app\Amar\virtual\product\12.2.0\dbhome_2\bin;D:\app\Amar\virtual\product\12.2.0\dbhome_1\bin;C:\ProgramData\Oracle\Java\javapath;C:\WINDOWS\system32;C:\WINDOWS;C:\WINDOWS\System32\Wbem;C:\WINDOWS\System32\WindowsPowerShell\v1.0\;C:\Program Files\Java\jdk1.8.0_131\bin;C:\Program Files\Java\jre1.8.0_131\bin;C:\Program Files\Java\jdk1.8.0_131\bin;C:\Program Files\Microsoft SQL Server\110\DTS\Binn\;C:\Program Files (x86)\Microsoft SQL Server\110\Tools\Binn\ManagementStudio\;C:\Program Files (x86)\Microsoft SQL Server\110\Tools\Binn\;C:\Program Files\Microsoft SQL Server\110\Tools\Binn\;C:\Program Files (x86)\Microsoft Visual Studio 10.0\Common7\IDE\PrivateAssemblies\;C:\Program Files (x86)\Microsoft SQL Server\110\DTS\Binn\;C:\Program Files\Microsoft SQL Server\Client SDK\ODBC\110\Tools\Binn\;C:\Program Files (x86)\Microsoft SQL Server\120\Tools\Binn\;C:\Program Files\Microsoft SQL Server\120\Tools\Binn\;C:\Program Files\Microsoft SQL Server\120\DTS\Binn\;C:\Program Files (x86)\Microsoft SQL Server\120\Tools\Binn\ManagementStudio\;C:\Program Files (x86)\Microsoft SQL Server\120\DTS\Binn\;C:\WINDOWS\System32\OpenSSH\;C:\Users\Amar\AppData\Local\Microsoft\WindowsApps;;C:\Users\Amar\AppData\Local\Programs\Fiddler;%USERPROFILE%\AppData\Local\Microsoft\WindowsApps;C:\Users\Amar\Downloads\eclipse-java-luna-SR2-win32-x86_64\eclipse;
USERNAME=Amar
OS=Windows_NT
PROCESSOR_IDENTIFIER=Intel64 Family 6 Model 69 Stepping 1, GenuineIntel



---------------  S Y S T E M  ---------------

OS: Windows 10.0 , 64 bit Build 17134 (10.0.17134.556)

CPU:total 4 (initial active 4) (2 cores per cpu, 2 threads per core) family 6 model 69 stepping 1, cmov, cx8, fxsr, mmx, sse, sse2, sse3, ssse3, sse4.1, sse4.2, popcnt, avx, avx2, aes, clmul, erms, lzcnt, ht, tsc, tscinvbit, bmi1, bmi2

Memory: 4k page, physical 8291836k(685220k free), swap 21027832k(5984k free)

vm_info: Java HotSpot(TM) 64-Bit Server VM (25.201-b09) for windows-amd64 JRE (1.8.0_201-b09), built on Dec 15 2018 18:36:39 by "java_re" with MS VC++ 10.0 (VS2010)

time: Tue Mar 12 13:17:17 2019
timezone: India Standard Time
elapsed time: 0 seconds (0d 0h 0m 0s)

